<?xml version="1.0" encoding="UTF-8"?>
<testng-results ignored="0" total="1" passed="1" failed="0" skipped="0">
  <reporter-output>
  </reporter-output>
  <suite started-at="2022-01-13T01:58:57 EST" name="Default suite" finished-at="2022-01-13T01:59:08 EST" duration-ms="10336">
    <groups>
    </groups>
    <test started-at="2022-01-13T01:58:57 EST" name="Default test" finished-at="2022-01-13T01:59:08 EST" duration-ms="10336">
      <class name="annotations.Assertions">
        <test-method signature="checkTitle()[pri:0, instance:annotations.Assertions@2a54a73f]" started-at="2022-01-13T01:58:57 EST" name="checkTitle" finished-at="2022-01-13T01:59:08 EST" duration-ms="10304" status="PASS">
          <reporter-output>
          </reporter-output>
        </test-method> <!-- checkTitle -->
      </class> <!-- annotations.Assertions -->
    </test> <!-- Default test -->
  </suite> <!-- Default suite -->
</testng-results>
